<?xml version="1.0" encoding="UTF-8"?>
<!-- Generated by org.testng.reporters.JUnitReportReporter -->
<testsuite hostname="SIRIN" failures="0" tests="1" name="com.requestHandler.PrepareToRequest" time="1.001" errors="0" timestamp="2021-03-15T00:51:04 TRT" skipped="0">
  <testcase classname="com.requestHandler.PrepareToRequest" name="init" time="1.001"/>
  <system-out/>
</testsuite> <!-- com.requestHandler.PrepareToRequest -->
